<?xml version="1.0" encoding="UTF-8"?>
<testng-results skipped="0" failed="0" ignored="2" total="3" passed="1">
  <reporter-output>
  </reporter-output>
  <suite name="Default suite" duration-ms="35261" started-at="2022-08-02T19:55:16 IST" finished-at="2022-08-02T19:55:51 IST">
    <groups>
    </groups>
    <test name="Default test" duration-ms="35261" started-at="2022-08-02T19:55:16 IST" finished-at="2022-08-02T19:55:51 IST">
      <class name="maven.Wintest">
        <test-method status="PASS" signature="beforeTest()[pri:0, instance:maven.Wintest@7403c468]" name="beforeTest" is-config="true" duration-ms="9100" started-at="2022-08-02T19:55:16 IST" finished-at="2022-08-02T19:55:25 IST">
          <reporter-output>
          </reporter-output>
        </test-method> <!-- beforeTest -->
        <test-method status="PASS" signature="case2()[pri:0, instance:maven.Wintest@7403c468]" name="case2" duration-ms="26092" started-at="2022-08-02T19:55:25 IST" finished-at="2022-08-02T19:55:51 IST">
          <reporter-output>
          </reporter-output>
        </test-method> <!-- case2 -->
        <test-method status="PASS" signature="afterTest()[pri:0, instance:maven.Wintest@7403c468]" name="afterTest" is-config="true" duration-ms="0" started-at="2022-08-02T19:55:51 IST" finished-at="2022-08-02T19:55:51 IST">
          <reporter-output>
          </reporter-output>
        </test-method> <!-- afterTest -->
      </class> <!-- maven.Wintest -->
    </test> <!-- Default test -->
  </suite> <!-- Default suite -->
</testng-results>
