<?xml version="1.0" encoding="UTF-8"?>
<testng-results skipped="0" failed="0" ignored="0" total="1" passed="1">
  <reporter-output>
  </reporter-output>
  <suite name="Surefire suite" duration-ms="18485" started-at="2022-07-28T14:35:08 IST" finished-at="2022-07-28T14:35:27 IST">
    <groups>
    </groups>
    <test name="Surefire test" duration-ms="18485" started-at="2022-07-28T14:35:08 IST" finished-at="2022-07-28T14:35:27 IST">
      <class name="maven.NewTest">
        <test-method status="PASS" signature="before1()[pri:0, instance:maven.NewTest@a7e666]" name="before1" is-config="true" duration-ms="6318" started-at="2022-07-28T14:35:08 IST" finished-at="2022-07-28T14:35:14 IST">
          <reporter-output>
          </reporter-output>
        </test-method> <!-- before1 -->
        <test-method status="PASS" signature="f()[pri:0, instance:maven.NewTest@a7e666]" name="f" duration-ms="11982" started-at="2022-07-28T14:35:15 IST" finished-at="2022-07-28T14:35:27 IST">
          <reporter-output>
          </reporter-output>
        </test-method> <!-- f -->
        <test-method status="PASS" signature="afterTest()[pri:0, instance:maven.NewTest@a7e666]" name="afterTest" is-config="true" duration-ms="142" started-at="2022-07-28T14:35:27 IST" finished-at="2022-07-28T14:35:27 IST">
          <reporter-output>
          </reporter-output>
        </test-method> <!-- afterTest -->
      </class> <!-- maven.NewTest -->
    </test> <!-- Surefire test -->
  </suite> <!-- Surefire suite -->
</testng-results>
