<?xml version="1.0" encoding="UTF-8"?>
<!-- Generated by org.testng.reporters.JUnitXMLReporter -->
<testsuite hostname="LAPTOP-OQ9NE1BK" ignored="2" name="Default test" tests="1" failures="0" timestamp="2022-08-02T19:55:51 IST" time="35.261" errors="0">
  <testcase name="case2" time="26.092" classname="maven.Wintest"/>
  <testcase name="f" time="0.0" classname="maven.Wintest">
    <ignored/>
  </testcase> <!-- f -->
  <testcase name="testc1" time="0.0" classname="maven.Wintest">
    <ignored/>
  </testcase> <!-- testc1 -->
</testsuite> <!-- Default test -->
